
2022-02-23 09:41:29 INFO  Driver:56 - getUserInput Method:
2022-02-23 09:41:32 INFO  Driver:60 - userInputInt: 1
2022-02-23 09:41:32 INFO  Driver:70 - login Method:
2022-02-23 09:41:36 INFO  Driver:76 -  Entering usernamescanaday
2022-02-23 09:41:42 INFO  Driver:80 - Entering passwordrun1019
2022-02-23 09:41:42 INFO  Driver:90 - validateLogin Method:
2022-02-23 09:41:50 INFO  Driver:108 - Login successful:true
2022-02-23 09:41:50 INFO  Driver:123 - loginOptions Method:
2022-02-23 09:41:50 INFO  Driver:127 - Current runner firstname:Sage
2022-02-23 09:41:50 INFO  Driver:56 - getUserInput Method:
2022-02-23 09:41:53 INFO  Driver:60 - userInputInt: 4
2022-02-23 09:41:53 INFO  Driver:130 - Current userInput:4
2022-02-23 09:41:53 INFO  Driver:56 - getUserInput Method:
2022-02-23 09:42:03 INFO  Driver:60 - userInputInt: 0
2022-02-23 09:42:03 INFO  Driver:155 - Current userInput:0
2022-02-23 09:42:03 INFO  Driver:56 - getUserInput Method:
2022-02-23 09:42:04 INFO  Driver:60 - userInputInt: 0
2022-02-23 10:05:38 INFO  Driver:56 - getUserInput Method:
2022-02-23 10:05:51 INFO  Driver:60 - userInputInt: 2
2022-02-23 10:05:51 INFO  Driver:238 - createAccount Method:
2022-02-23 10:05:54 INFO  Driver:245 - Enter new username: philbo
2022-02-23 10:05:57 INFO  Driver:249 - Entering new password: hello
2022-02-23 10:05:57 INFO  Driver:254 - Creating new runnerLogin object: Runner_Login{loginId='0', username='philbo', password='hello'}
2022-02-23 10:06:07 INFO  Driver:257 - Inserting new runnerLogin into database
2022-02-23 10:06:22 INFO  Driver:123 - loginOptions Method:
2022-02-23 10:06:22 INFO  Driver:127 - Current runner firstname:phillip
2022-02-23 10:06:22 INFO  Driver:56 - getUserInput Method:
2022-02-23 10:06:58 INFO  Driver:60 - userInputInt: 4
2022-02-23 10:06:58 INFO  Driver:130 - Current userInput:4
2022-02-23 10:06:58 INFO  Driver:56 - getUserInput Method:
2022-02-23 10:07:07 INFO  Driver:60 - userInputInt: 1
2022-02-23 10:07:08 INFO  Driver:56 - getUserInput Method:
2022-02-23 10:07:42 INFO  Driver:60 - userInputInt: 2
2022-02-23 10:07:42 INFO  Driver:238 - createAccount Method:
2022-02-23 10:07:58 INFO  Driver:245 - Enter new username: philbo
2022-02-23 10:08:00 INFO  Driver:249 - Entering new password: hello
2022-02-23 10:08:00 INFO  Driver:254 - Creating new runnerLogin object: Runner_Login{loginId='0', username='philbo', password='hello'}
2022-02-23 10:08:01 INFO  Driver:257 - Inserting new runnerLogin into database
2022-02-23 10:08:11 INFO  Driver:123 - loginOptions Method:
2022-02-23 10:08:11 INFO  Driver:127 - Current runner firstname:phil
2022-02-23 10:08:11 INFO  Driver:56 - getUserInput Method:
2022-02-23 10:08:33 INFO  Driver:60 - userInputInt: 4
2022-02-23 10:08:33 INFO  Driver:130 - Current userInput:4
2022-02-23 10:08:33 INFO  Driver:56 - getUserInput Method:
2022-02-23 10:08:42 INFO  Driver:60 - userInputInt: 1
2022-02-23 10:08:42 INFO  Driver:56 - getUserInput Method:
2022-02-23 10:09:00 INFO  Driver:60 - userInputInt: 0
2022-02-23 12:50:44 INFO  Driver:57 - getUserInput Method:
2022-02-23 12:50:50 INFO  Driver:61 - userInputInt: 1
2022-02-23 12:50:50 INFO  Driver:71 - login Method:
2022-02-23 12:50:56 INFO  Driver:77 -  Entering usernamescanaday
2022-02-23 12:50:59 INFO  Driver:81 - Entering passwordrun1019
2022-02-23 12:50:59 INFO  Driver:91 - validateLogin Method:
2022-02-23 12:51:01 INFO  Driver:336 - getRunnerInfo Method:
2022-02-23 12:51:01 INFO  Driver:109 - Login successful:true
2022-02-23 12:51:01 INFO  Driver:124 - loginOptions Method:
2022-02-23 12:51:01 INFO  Driver:128 - Current runner firstname:Sage
2022-02-23 12:51:01 INFO  Driver:57 - getUserInput Method:
2022-02-23 12:51:11 INFO  Driver:61 - userInputInt: 0
2022-02-23 12:51:11 INFO  Driver:131 - Current userInput:0
2022-02-23 12:51:11 INFO  Driver:57 - getUserInput Method:
2022-02-23 12:51:13 INFO  Driver:61 - userInputInt: 0
2022-02-23 12:53:49 INFO  Driver:57 - getUserInput Method:
2022-02-23 12:53:52 INFO  Driver:61 - userInputInt: 3
2022-02-23 12:53:52 INFO  Driver:365 - displayAllRaces Method:
2022-02-23 12:56:01 INFO  Driver:57 - getUserInput Method:
2022-02-23 12:56:04 INFO  Driver:61 - userInputInt: 0
2022-02-23 12:56:27 INFO  Driver:57 - getUserInput Method:
2022-02-23 12:56:30 INFO  Driver:61 - userInputInt: 3
2022-02-23 12:56:30 INFO  Driver:365 - displayAllRaces Method:
2022-02-23 12:56:31 INFO  Driver:57 - getUserInput Method:
2022-02-23 12:57:33 INFO  Driver:61 - userInputInt: 0
2022-02-23 12:57:53 INFO  Driver:57 - getUserInput Method:
2022-02-23 12:57:56 INFO  Driver:61 - userInputInt: 3
2022-02-23 12:57:56 INFO  Driver:365 - displayAllRaces Method:
2022-02-23 13:02:20 INFO  Driver:62 - getUserInput Method:
2022-02-23 13:02:23 INFO  Driver:66 - userInputInt: 3
2022-02-23 13:02:23 INFO  Driver:370 - displayAllRaces Method:
2022-02-23 13:03:41 INFO  Driver:60 - getUserInput Method:
2022-02-23 13:03:43 INFO  Driver:64 - userInputInt: 3
2022-02-23 13:03:43 INFO  Driver:368 - displayAllRaces Method:
2022-02-23 13:03:43 INFO  Driver:60 - getUserInput Method:
2022-02-23 13:04:19 INFO  Driver:64 - userInputInt: 0
2022-02-23 13:15:09 INFO  Driver:62 - getUserInput Method:
2022-02-23 13:15:11 INFO  Driver:66 - userInputInt: 3
2022-02-23 13:15:11 INFO  Driver:370 - displayAllRaces Method:
2022-02-23 13:15:12 INFO  Driver:62 - getUserInput Method:
2022-02-23 13:15:15 INFO  Driver:66 - userInputInt: 1
2022-02-23 13:15:15 INFO  Driver:76 - login Method:
2022-02-23 13:15:20 INFO  Driver:82 -  Entering usernamescanaday
2022-02-23 13:15:23 INFO  Driver:86 - Entering passwordrun1019
2022-02-23 13:15:23 INFO  Driver:96 - validateLogin Method:
2022-02-23 13:15:23 INFO  Driver:341 - getRunnerInfo Method:
2022-02-23 13:15:23 INFO  Driver:114 - Login successful:true
2022-02-23 13:15:23 INFO  Driver:129 - loginOptions Method:
2022-02-23 13:15:23 INFO  Driver:133 - Current runner firstname:Sage
2022-02-23 13:15:23 INFO  Driver:62 - getUserInput Method:
2022-02-23 13:15:29 INFO  Driver:66 - userInputInt: 2
2022-02-23 13:15:29 INFO  Driver:136 - Current userInput:2
2022-02-23 13:15:29 INFO  Driver:370 - displayAllRaces Method:
2022-02-23 13:15:30 INFO  Driver:62 - getUserInput Method:
2022-02-23 13:15:32 INFO  Driver:66 - userInputInt: 22
2022-02-23 13:15:32 INFO  Driver:183 - raceSignUp Method:
2022-02-23 13:15:32 INFO  Driver:186 - Creating new raceOrder:RaceOrder{orderId='0', runnerId='20', raceId='22'}
2022-02-23 13:15:32 INFO  Driver:189 - Inserting new raceOrder: RaceOrder{orderId='0', runnerId='20', raceId='22'}
2022-02-23 13:15:32 INFO  Driver:146 - Select race with raceId of:22
2022-02-23 13:15:32 INFO  Driver:62 - getUserInput Method:
2022-02-23 13:15:34 INFO  Driver:66 - userInputInt: 2
2022-02-23 13:15:34 INFO  Driver:172 - Current userInput:2
2022-02-23 13:15:34 INFO  Driver:370 - displayAllRaces Method:
2022-02-23 13:15:35 INFO  Driver:62 - getUserInput Method:
2022-02-23 13:15:38 INFO  Driver:66 - userInputInt: 20
2022-02-23 13:15:38 INFO  Driver:183 - raceSignUp Method:
2022-02-23 13:15:38 INFO  Driver:186 - Creating new raceOrder:RaceOrder{orderId='0', runnerId='20', raceId='20'}
2022-02-23 13:15:38 INFO  Driver:189 - Inserting new raceOrder: RaceOrder{orderId='0', runnerId='20', raceId='20'}
2022-02-23 13:15:38 INFO  Driver:146 - Select race with raceId of:20
2022-02-23 13:15:38 INFO  Driver:62 - getUserInput Method:
2022-02-23 13:15:40 INFO  Driver:66 - userInputInt: 3
2022-02-23 13:15:40 INFO  Driver:172 - Current userInput:3
2022-02-23 13:15:40 INFO  Driver:200 - showIndividualRaces Method:
2022-02-23 13:15:41 INFO  Driver:62 - getUserInput Method:
2022-02-23 13:15:47 INFO  Driver:66 - userInputInt: 0
2022-02-23 13:15:47 INFO  Driver:172 - Current userInput:0
2022-02-23 13:15:47 INFO  Driver:62 - getUserInput Method:
2022-02-23 13:15:54 INFO  Driver:66 - userInputInt: 2
2022-02-23 13:15:54 INFO  Driver:250 - createAccount Method:
2022-02-23 13:16:01 INFO  Driver:257 - Enter new username: pvo
2022-02-23 13:16:07 INFO  Driver:261 - Entering new password: run1020
2022-02-23 13:16:07 INFO  Driver:266 - Creating new runnerLogin object: Runner_Login{loginId='0', username='pvo', password='run1020'}
2022-02-23 13:16:07 INFO  Driver:269 - Inserting new runnerLogin into database
2022-02-23 13:16:07 INFO  Driver:304 - createProfile Method:
2022-02-23 13:16:07 INFO  Driver:283 - getProfileInput Method:
2022-02-23 13:16:11 INFO  Driver:287 - firstName: Phillip
2022-02-23 13:16:13 INFO  Driver:291 - lastName: Vo
2022-02-23 13:16:16 INFO  Driver:295 - gender: M
2022-02-23 13:16:17 INFO  Driver:300 - age: 30
2022-02-23 13:16:17 INFO  Driver:316 - Inserting new runner: Runner{runner_id='0', firsName='Phillip', lastName='Vo', gender='M', age=30}
2022-02-23 13:16:17 INFO  Driver:341 - getRunnerInfo Method:
2022-02-23 13:16:17 INFO  Driver:352 - linkAccount Method:
2022-02-23 13:16:17 INFO  Driver:364 - Updating runnerlogin with runner profile
2022-02-23 13:16:17 INFO  Driver:129 - loginOptions Method:
2022-02-23 13:16:17 INFO  Driver:133 - Current runner firstname:Phillip
2022-02-23 13:16:17 INFO  Driver:62 - getUserInput Method:
2022-02-23 13:16:22 INFO  Driver:66 - userInputInt: 2
2022-02-23 13:16:22 INFO  Driver:136 - Current userInput:2
2022-02-23 13:16:22 INFO  Driver:370 - displayAllRaces Method:
2022-02-23 13:16:23 INFO  Driver:62 - getUserInput Method:
2022-02-23 13:16:30 INFO  Driver:66 - userInputInt: 9
2022-02-23 13:16:30 INFO  Driver:183 - raceSignUp Method:
2022-02-23 13:16:30 INFO  Driver:186 - Creating new raceOrder:RaceOrder{orderId='0', runnerId='23', raceId='9'}
2022-02-23 13:16:30 INFO  Driver:189 - Inserting new raceOrder: RaceOrder{orderId='0', runnerId='23', raceId='9'}
2022-02-23 13:16:30 INFO  Driver:146 - Select race with raceId of:9
2022-02-23 13:16:30 INFO  Driver:62 - getUserInput Method:
2022-02-23 13:16:32 INFO  Driver:66 - userInputInt: 3
2022-02-23 13:16:32 INFO  Driver:172 - Current userInput:3
2022-02-23 13:16:32 INFO  Driver:200 - showIndividualRaces Method:
2022-02-23 13:16:32 INFO  Driver:62 - getUserInput Method:
2022-02-23 13:16:48 INFO  Driver:66 - userInputInt: 0
2022-02-23 13:16:48 INFO  Driver:172 - Current userInput:0
2022-02-23 13:16:48 INFO  Driver:62 - getUserInput Method:
2022-02-23 13:16:50 INFO  Driver:66 - userInputInt: 3
2022-02-23 13:16:50 INFO  Driver:370 - displayAllRaces Method:
2022-02-23 13:16:50 INFO  Driver:62 - getUserInput Method:
2022-02-23 13:16:53 INFO  Driver:66 - userInputInt: 0
2022-02-23 14:16:29 INFO  Driver:62 - getUserInput Method:
2022-02-23 14:21:39 INFO  Driver:62 - getUserInput Method:
2022-02-23 14:22:23 INFO  Driver:66 - userInputInt: 1
2022-02-23 14:22:23 INFO  Driver:76 - login Method:
2022-02-23 14:22:34 INFO  Driver:82 -  Entering usernamescanaday
2022-02-23 14:22:40 INFO  Driver:86 - Entering passwordrun1019
2022-02-23 14:22:40 INFO  Driver:96 - validateLogin Method:
2022-02-23 14:22:41 INFO  Driver:341 - getRunnerInfo Method:
2022-02-23 14:22:41 INFO  Driver:114 - Login successful:true
2022-02-23 14:22:41 INFO  Driver:129 - loginOptions Method:
2022-02-23 14:22:41 INFO  Driver:133 - Current runner firstname:Sage
2022-02-23 14:22:41 INFO  Driver:62 - getUserInput Method:
2022-02-23 14:23:08 INFO  Driver:66 - userInputInt: 1
2022-02-23 14:23:08 INFO  Driver:136 - Current userInput:1
2022-02-23 14:23:08 INFO  Driver:206 - updateProfile Method:
2022-02-23 14:23:08 INFO  Driver:62 - getUserInput Method:
2022-02-23 14:23:17 INFO  Driver:66 - userInputInt: 1
2022-02-23 14:23:17 INFO  Driver:210 - Current userInput:1
2022-02-23 14:23:28 INFO  Driver:215 - Updating firstname to: Sage
2022-02-23 14:23:28 INFO  Driver:236 - Creating new runner object:Runner{runner_id='20', firsName='Sage', lastName='Canaday', gender='M', age=36}
2022-02-23 14:23:28 INFO  Driver:239 - Update runner information for: Runner{runner_id='20', firsName='Sage', lastName='Canaday', gender='M', age=36}
2022-02-23 14:23:28 INFO  Driver:62 - getUserInput Method:
2022-02-23 14:23:42 INFO  Driver:66 - userInputInt: 0
2022-02-23 14:23:42 INFO  Driver:172 - Current userInput:0
2022-02-23 14:23:42 INFO  Driver:62 - getUserInput Method:
2022-02-23 14:23:44 INFO  Driver:66 - userInputInt: 0
2022-02-23 14:26:28 INFO  Driver:62 - getUserInput Method:
2022-02-23 14:26:52 INFO  Driver:66 - userInputInt: 1
2022-02-23 14:26:52 INFO  Driver:76 - login Method:
2022-02-23 14:26:59 INFO  Driver:82 -  Entering usernamepvo
2022-02-23 14:27:07 INFO  Driver:86 - Entering passwordrun1020
2022-02-23 14:27:07 INFO  Driver:96 - validateLogin Method:
2022-02-23 14:27:08 INFO  Driver:341 - getRunnerInfo Method:
2022-02-23 14:27:08 INFO  Driver:114 - Login successful:true
2022-02-23 14:27:08 INFO  Driver:129 - loginOptions Method:
2022-02-23 14:27:08 INFO  Driver:133 - Current runner firstname:Phillip
2022-02-23 14:27:08 INFO  Driver:62 - getUserInput Method:
2022-02-23 14:27:35 INFO  Driver:66 - userInputInt: 2
2022-02-23 14:27:35 INFO  Driver:136 - Current userInput:2
2022-02-23 14:27:35 INFO  Driver:370 - displayAllRaces Method:
2022-02-23 14:27:35 INFO  Driver:62 - getUserInput Method:
2022-02-23 14:27:57 INFO  Driver:66 - userInputInt: 16
2022-02-23 14:27:57 INFO  Driver:183 - raceSignUp Method:
2022-02-23 14:27:57 INFO  Driver:186 - Creating new raceOrder:RaceOrder{orderId='0', runnerId='23', raceId='16'}
2022-02-23 14:27:57 INFO  Driver:189 - Inserting new raceOrder: RaceOrder{orderId='0', runnerId='23', raceId='16'}
2022-02-23 14:27:57 INFO  Driver:146 - Select race with raceId of:16
2022-02-23 14:27:57 INFO  Driver:62 - getUserInput Method:
2022-02-23 14:28:08 INFO  Driver:66 - userInputInt: 3
2022-02-23 14:28:08 INFO  Driver:172 - Current userInput:3
2022-02-23 14:28:08 INFO  Driver:200 - showIndividualRaces Method:
2022-02-23 14:28:08 INFO  Driver:62 - getUserInput Method:
2022-02-23 14:28:24 INFO  Driver:66 - userInputInt: 0
2022-02-23 14:28:24 INFO  Driver:172 - Current userInput:0
2022-02-23 14:28:24 INFO  Driver:62 - getUserInput Method:
2022-02-23 14:28:26 INFO  Driver:66 - userInputInt: 0
2022-02-23 14:57:01 INFO  Driver:62 - getUserInput Method:
2022-02-23 14:57:13 INFO  Driver:66 - userInputInt: 1
2022-02-23 14:57:13 INFO  Driver:76 - login Method:
2022-02-23 14:57:15 INFO  Driver:82 -  Entering usernamepvo
2022-02-23 14:57:19 INFO  Driver:86 - Entering passwordrun1020
2022-02-23 14:57:19 INFO  Driver:96 - validateLogin Method:
2022-02-23 14:57:20 INFO  Driver:341 - getRunnerInfo Method:
2022-02-23 14:57:20 INFO  Driver:114 - Login successful:true
2022-02-23 14:57:20 INFO  Driver:129 - loginOptions Method:
2022-02-23 14:57:20 INFO  Driver:133 - Current runner firstname:Phillip
2022-02-23 14:57:20 INFO  Driver:62 - getUserInput Method:
2022-02-23 14:57:25 INFO  Driver:66 - userInputInt: 3
2022-02-23 14:57:25 INFO  Driver:136 - Current userInput:3
2022-02-23 14:57:25 INFO  Driver:200 - showIndividualRaces Method:
2022-02-23 14:57:26 INFO  Driver:62 - getUserInput Method:
2022-02-23 15:41:15 INFO  Driver:62 - getUserInput Method:
2022-02-23 15:41:40 INFO  Driver:62 - getUserInput Method:
2022-02-23 15:41:44 INFO  Driver:66 - userInputInt: 3
2022-02-23 15:41:44 INFO  Driver:370 - displayAllRaces Method:
2022-02-23 15:41:45 INFO  Driver:62 - getUserInput Method:
2022-02-23 15:41:54 INFO  Driver:66 - userInputInt: 1
2022-02-23 15:41:54 INFO  Driver:76 - login Method:
2022-02-23 15:41:56 INFO  Driver:82 -  Entering usernamepvo
2022-02-23 15:42:03 INFO  Driver:86 - Entering passwordrun1020
2022-02-23 15:42:03 INFO  Driver:96 - validateLogin Method:
2022-02-23 15:42:03 INFO  Driver:341 - getRunnerInfo Method:
2022-02-23 15:42:03 INFO  Driver:114 - Login successful:true
2022-02-23 15:42:03 INFO  Driver:129 - loginOptions Method:
2022-02-23 15:42:03 INFO  Driver:133 - Current runner firstname:Phillip
2022-02-23 15:42:03 INFO  Driver:62 - getUserInput Method:
2022-02-23 15:42:10 INFO  Driver:66 - userInputInt: 0
2022-02-23 15:42:10 INFO  Driver:136 - Current userInput:0
2022-02-23 15:42:10 INFO  Driver:62 - getUserInput Method:
2022-02-23 15:42:19 INFO  Driver:66 - userInputInt: 0
2022-02-23 15:52:26 INFO  Driver:62 - getUserInput Method:
2022-02-23 15:52:43 INFO  Driver:66 - userInputInt: 1
2022-02-23 15:52:43 INFO  Driver:76 - login Method:
2022-02-23 15:52:47 INFO  Driver:82 -  Entering usernamepvo
2022-02-23 15:52:53 INFO  Driver:86 - Entering passwordrun1020
2022-02-23 15:52:53 INFO  Driver:96 - validateLogin Method:
2022-02-23 15:52:54 INFO  Driver:341 - getRunnerInfo Method:
2022-02-23 15:52:54 INFO  Driver:114 - Login successful:true
2022-02-23 15:52:54 INFO  Driver:129 - loginOptions Method:
2022-02-23 15:52:54 INFO  Driver:133 - Current runner firstname:Phillip
2022-02-23 15:52:54 INFO  Driver:62 - getUserInput Method:
2022-02-23 15:53:15 INFO  Driver:66 - userInputInt: 2
2022-02-23 15:53:15 INFO  Driver:136 - Current userInput:2
2022-02-23 15:53:15 INFO  Driver:370 - displayAllRaces Method:
2022-02-23 15:53:15 INFO  Driver:62 - getUserInput Method:
2022-02-23 15:53:31 INFO  Driver:66 - userInputInt: 10
2022-02-23 15:53:31 INFO  Driver:183 - raceSignUp Method:
2022-02-23 15:53:32 INFO  Driver:186 - Creating new raceOrder:RaceOrder{orderId='0', runnerId='23', raceId='10'}
2022-02-23 15:53:32 INFO  Driver:189 - Inserting new raceOrder: RaceOrder{orderId='0', runnerId='23', raceId='10'}
2022-02-23 15:53:32 INFO  Driver:146 - Select race with raceId of:10
2022-02-23 15:53:32 INFO  Driver:62 - getUserInput Method:
2022-02-23 15:53:43 INFO  Driver:66 - userInputInt: 3
2022-02-23 15:53:43 INFO  Driver:172 - Current userInput:3
2022-02-23 15:53:43 INFO  Driver:200 - showIndividualRaces Method:
2022-02-23 15:53:44 INFO  Driver:62 - getUserInput Method:
2022-02-23 15:54:04 INFO  Driver:66 - userInputInt: 1
2022-02-23 15:54:04 INFO  Driver:172 - Current userInput:1
2022-02-23 15:54:04 INFO  Driver:206 - updateProfile Method:
2022-02-23 15:54:04 INFO  Driver:62 - getUserInput Method:
2022-02-23 15:54:13 INFO  Driver:66 - userInputInt: 1
2022-02-23 15:54:13 INFO  Driver:210 - Current userInput:1
2022-02-23 15:54:22 INFO  Driver:215 - Updating firstname to: Ted
2022-02-23 15:54:22 INFO  Driver:236 - Creating new runner object:Runner{runner_id='23', firsName='Ted', lastName='Vo', gender='M', age=30}
2022-02-23 15:54:22 INFO  Driver:239 - Update runner information for: Runner{runner_id='23', firsName='Ted', lastName='Vo', gender='M', age=30}
2022-02-23 15:54:22 INFO  Driver:62 - getUserInput Method:
2022-02-23 15:54:38 INFO  Driver:66 - userInputInt: 0
2022-02-23 15:54:38 INFO  Driver:172 - Current userInput:0
2022-02-23 15:54:38 INFO  Driver:62 - getUserInput Method:
2022-02-23 15:54:42 INFO  Driver:66 - userInputInt: 2
2022-02-23 15:54:42 INFO  Driver:250 - createAccount Method:
2022-02-23 15:54:50 INFO  Driver:257 - Enter new username: winston
2022-02-23 15:54:55 INFO  Driver:261 - Entering new password: dogbone
2022-02-23 15:54:55 INFO  Driver:266 - Creating new runnerLogin object: Runner_Login{loginId='0', username='winston', password='dogbone'}
2022-02-23 15:54:55 INFO  Driver:269 - Inserting new runnerLogin into database
2022-02-23 15:54:55 INFO  Driver:304 - createProfile Method:
2022-02-23 15:54:55 INFO  Driver:283 - getProfileInput Method:
2022-02-23 15:55:06 INFO  Driver:287 - firstName: Phillip
2022-02-23 15:55:09 INFO  Driver:291 - lastName: Vo
2022-02-23 15:55:11 INFO  Driver:295 - gender: M
2022-02-23 15:55:15 INFO  Driver:300 - age: 30
2022-02-23 15:55:15 INFO  Driver:316 - Inserting new runner: Runner{runner_id='0', firsName='Phillip', lastName='Vo', gender='M', age=30}
2022-02-23 15:55:15 INFO  Driver:341 - getRunnerInfo Method:
2022-02-23 15:55:15 INFO  Driver:352 - linkAccount Method:
2022-02-23 15:55:15 INFO  Driver:364 - Updating runnerlogin with runner profile
2022-02-23 15:55:15 INFO  Driver:129 - loginOptions Method:
2022-02-23 15:55:15 INFO  Driver:133 - Current runner firstname:Phillip
2022-02-23 15:55:15 INFO  Driver:62 - getUserInput Method:
2022-02-23 15:55:29 INFO  Driver:66 - userInputInt: 2
2022-02-23 15:55:29 INFO  Driver:136 - Current userInput:2
2022-02-23 15:55:29 INFO  Driver:370 - displayAllRaces Method:
2022-02-23 15:55:29 INFO  Driver:62 - getUserInput Method:
2022-02-23 15:55:34 INFO  Driver:66 - userInputInt: 1
2022-02-23 15:55:34 INFO  Driver:183 - raceSignUp Method:
2022-02-23 15:55:34 INFO  Driver:186 - Creating new raceOrder:RaceOrder{orderId='0', runnerId='24', raceId='1'}
2022-02-23 15:55:34 INFO  Driver:189 - Inserting new raceOrder: RaceOrder{orderId='0', runnerId='24', raceId='1'}
2022-02-23 15:55:34 INFO  Driver:146 - Select race with raceId of:1
2022-02-23 15:55:34 INFO  Driver:62 - getUserInput Method:
2022-02-23 15:55:42 INFO  Driver:66 - userInputInt: 2
2022-02-23 15:55:42 INFO  Driver:172 - Current userInput:2
2022-02-23 15:55:42 INFO  Driver:370 - displayAllRaces Method:
2022-02-23 15:55:42 INFO  Driver:62 - getUserInput Method:
2022-02-23 15:55:47 INFO  Driver:66 - userInputInt: 22
2022-02-23 15:55:47 INFO  Driver:183 - raceSignUp Method:
2022-02-23 15:55:47 INFO  Driver:186 - Creating new raceOrder:RaceOrder{orderId='0', runnerId='24', raceId='22'}
2022-02-23 15:55:47 INFO  Driver:189 - Inserting new raceOrder: RaceOrder{orderId='0', runnerId='24', raceId='22'}
2022-02-23 15:55:47 INFO  Driver:146 - Select race with raceId of:22
2022-02-23 15:55:47 INFO  Driver:62 - getUserInput Method:
2022-02-23 15:55:54 INFO  Driver:66 - userInputInt: 3
2022-02-23 15:55:54 INFO  Driver:172 - Current userInput:3
2022-02-23 15:55:54 INFO  Driver:200 - showIndividualRaces Method:
2022-02-23 15:55:54 INFO  Driver:62 - getUserInput Method:
2022-02-23 15:56:05 INFO  Driver:66 - userInputInt: 4
2022-02-23 15:56:05 INFO  Driver:172 - Current userInput:4
2022-02-23 15:56:05 INFO  Driver:62 - getUserInput Method:
2022-02-23 15:56:17 INFO  Driver:66 - userInputInt: 0
2022-02-23 15:56:17 INFO  Driver:155 - Delete userInput: 
2022-02-23 15:56:17 INFO  Driver:62 - getUserInput Method:
2022-02-23 15:56:25 INFO  Driver:66 - userInputInt: 0
2022-02-23 15:56:25 INFO  Driver:172 - Current userInput:0
2022-02-23 15:56:25 INFO  Driver:62 - getUserInput Method:
2022-02-23 15:56:32 INFO  Driver:66 - userInputInt: 3
2022-02-23 15:56:32 INFO  Driver:370 - displayAllRaces Method:
2022-02-23 15:56:32 INFO  Driver:62 - getUserInput Method:
2022-02-23 15:56:41 INFO  Driver:66 - userInputInt: 0
